<?xml version="1.0" encoding="UTF-8"?>
<testng-results ignored="0" total="1" passed="1" failed="0" skipped="0">
  <reporter-output>
  </reporter-output>
  <suite started-at="2024-03-02T08:57:30 IST" name="Suite" finished-at="2024-03-02T08:58:46 IST" duration-ms="76392">
    <groups>
    </groups>
    <test started-at="2024-03-02T08:57:30 IST" name="Test" finished-at="2024-03-02T08:58:46 IST" duration-ms="76392">
      <class name="org.maya.SeleGridTest.Test123">
        <test-method signature="Check1()[pri:0, instance:org.maya.SeleGridTest.Test123@2e3967ea]" started-at="2024-03-02T08:57:30 IST" name="Check1" finished-at="2024-03-02T08:58:46 IST" duration-ms="76225" status="PASS">
          <reporter-output>
          </reporter-output>
        </test-method> <!-- Check1 -->
      </class> <!-- org.maya.SeleGridTest.Test123 -->
    </test> <!-- Test -->
  </suite> <!-- Suite -->
</testng-results>
